2015-02-05 08:59:01 [127.0.0.1][-][-][error][yii\web\HttpException:404] exception 'yii\base\InvalidRouteException' with message 'Unable to resolve the request "demo-geo/place-autocomplete-widget".' in /var/www/html/girc/dmis/vendor/yiisoft/yii2/base/Module.php:461
Stack trace:
#0 /var/www/html/girc/dmis/vendor/yiisoft/yii2/web/Application.php(83): yii\base\Module->runAction('demo-geo/place-...', Array)
#1 /var/www/html/girc/dmis/vendor/yiisoft/yii2/base/Application.php(375): yii\web\Application->handleRequest(Object(yii\web\Request))
#2 /var/www/html/girc/dmis/backend/web/index.php(19): yii\base\Application->run()
#3 {main}

Next exception 'yii\web\NotFoundHttpException' with message 'Page not found.' in /var/www/html/girc/dmis/vendor/yiisoft/yii2/web/Application.php:95
Stack trace:
#0 /var/www/html/girc/dmis/vendor/yiisoft/yii2/base/Application.php(375): yii\web\Application->handleRequest(Object(yii\web\Request))
#1 /var/www/html/girc/dmis/backend/web/index.php(19): yii\base\Application->run()
#2 {main}
2015-02-05 08:59:01 [127.0.0.1][-][-][info][application] $_COOKIE = [
    '_csrf' => '9ca8ee4acab7d5108c25fe24ec83c8530d7c90285df0d2b46b2fbb325ac4ce5ds:32:\"TWhN0eJTtl9GE-pcwimpGNYBC6Vaj3DM\";'
    'PHPSESSID' => 'prq9fnrvdnlnbg9irrb7krksj2'
]

$_SESSION = [
    '__flash' => []
]

$_SERVER = [
    'REDIRECT_STATUS' => '200'
    'HTTP_HOST' => 'localhost'
    'HTTP_USER_AGENT' => 'Mozilla/5.0 (X11; Ubuntu; Linux x86_64; rv:35.0) Gecko/20100101 Firefox/35.0'
    'HTTP_ACCEPT' => 'text/html,application/xhtml+xml,application/xml;q=0.9,*/*;q=0.8'
    'HTTP_ACCEPT_LANGUAGE' => 'en-US,en;q=0.5'
    'HTTP_ACCEPT_ENCODING' => 'gzip, deflate'
    'HTTP_COOKIE' => '_csrf=9ca8ee4acab7d5108c25fe24ec83c8530d7c90285df0d2b46b2fbb325ac4ce5ds%3A32%3A%22TWhN0eJTtl9GE-pcwimpGNYBC6Vaj3DM%22%3B; PHPSESSID=prq9fnrvdnlnbg9irrb7krksj2'
    'HTTP_CONNECTION' => 'keep-alive'
    'PATH' => '/usr/local/sbin:/usr/local/bin:/usr/sbin:/usr/bin:/sbin:/bin'
    'SERVER_SIGNATURE' => '<address>Apache/2.4.7 (Ubuntu) Server at localhost Port 80</address>
'
    'SERVER_SOFTWARE' => 'Apache/2.4.7 (Ubuntu)'
    'SERVER_NAME' => 'localhost'
    'SERVER_ADDR' => '127.0.0.1'
    'SERVER_PORT' => '80'
    'REMOTE_ADDR' => '127.0.0.1'
    'DOCUMENT_ROOT' => '/var/www/html'
    'REQUEST_SCHEME' => 'http'
    'CONTEXT_PREFIX' => ''
    'CONTEXT_DOCUMENT_ROOT' => '/var/www/html'
    'SERVER_ADMIN' => 'webmaster@localhost'
    'SCRIPT_FILENAME' => '/var/www/html/girc/dmis/backend/web/index.php'
    'REMOTE_PORT' => '57826'
    'REDIRECT_URL' => '/girc/dmis/backend/web/demo-geo/place-autocomplete-widget'
    'GATEWAY_INTERFACE' => 'CGI/1.1'
    'SERVER_PROTOCOL' => 'HTTP/1.1'
    'REQUEST_METHOD' => 'GET'
    'QUERY_STRING' => ''
    'REQUEST_URI' => '/girc/dmis/backend/web/demo-geo/place-autocomplete-widget'
    'SCRIPT_NAME' => '/girc/dmis/backend/web/index.php'
    'PHP_SELF' => '/girc/dmis/backend/web/index.php'
    'REQUEST_TIME_FLOAT' => 1423126741.65
    'REQUEST_TIME' => 1423126741
]
